<?xml version="1.0" encoding="UTF-8"?>
<!-- Generated by org.testng.reporters.JUnitReportReporter -->
<testsuite hostname="Rumaisa" failures="0" tests="1" name="testNG.amazontask" time="5.650" errors="0" timestamp="2024-09-24T19:54:12 IST" skipped="0">
  <testcase classname="testNG.amazontask" name="searchmobile" time="5.650"/>
  <system-out/>
</testsuite> <!-- testNG.amazontask -->
