<?xml version="1.0" encoding="UTF-8"?>
<!-- Generated by org.testng.reporters.JUnitReportReporter -->
<testsuite hostname="Rumaisa" failures="0" tests="1" name="testNG.ebay" time="4.138" errors="0" timestamp="2024-09-09T19:05:50 IST" skipped="0">
  <testcase classname="testNG.ebay" name="test" time="4.138"/>
  <system-out/>
</testsuite> <!-- testNG.ebay -->
