<?xml version="1.0" encoding="UTF-8"?>
<!-- Generated by org.testng.reporters.JUnitReportReporter -->
<testsuite hostname="Rumaisa" failures="0" tests="1" name="testNG.Checkavailability" time="1.328" errors="0" timestamp="2024-09-11T11:37:46 IST" skipped="0">
  <testcase classname="testNG.Checkavailability" name="textchecking" time="1.328"/>
  <system-out/>
</testsuite> <!-- testNG.Checkavailability -->
