<?xml version="1.0" encoding="UTF-8"?>
<!-- Generated by org.testng.reporters.JUnitReportReporter -->
<testsuite hostname="Rumaisa" failures="0" tests="1" name="testNG.parameters" time="0.014" errors="0" timestamp="2024-09-06T11:33:04 IST" skipped="0">
  <testcase classname="testNG.parameters" name="setup" time="0.014"/>
  <system-out/>
</testsuite> <!-- testNG.parameters -->
