<?xml version="1.0" encoding="UTF-8"?>
<!-- Generated by org.testng.reporters.JUnitReportReporter -->
<testsuite hostname="Rumaisa" failures="0" tests="3" name="testNG.reddifpgrm" time="1.076" errors="0" timestamp="2024-09-06T12:52:56 IST" skipped="0">
  <testcase classname="testNG.reddifpgrm" name="createmyaccount" time="0.940"/>
  <system-out/>
  <testcase classname="testNG.reddifpgrm" name="logo" time="0.077"/>
  <system-out/>
  <testcase classname="testNG.reddifpgrm" name="radiobutton" time="0.059"/>
  <system-out/>
</testsuite> <!-- testNG.reddifpgrm -->
