<?xml version="1.0" encoding="UTF-8"?>
<!-- Generated by org.testng.reporters.JUnitReportReporter -->
<testsuite hostname="Rumaisa" failures="0" tests="1" name="testNG.datepicker" time="0.802" errors="0" timestamp="2024-09-20T11:57:51 IST" skipped="0">
  <testcase classname="testNG.datepicker" name="datepicker" time="0.802"/>
  <system-out/>
</testsuite> <!-- testNG.datepicker -->
