<?xml version="1.0" encoding="UTF-8"?>
<!-- Generated by org.testng.reporters.JUnitReportReporter -->
<testsuite hostname="Rumaisa" failures="0" tests="3" name="testNG.janasyatask" time="2.844" errors="0" timestamp="2024-09-19T12:54:23 IST" skipped="0">
  <testcase classname="testNG.janasyatask" name="title" time="0.057"/>
  <system-out/>
  <testcase classname="testNG.janasyatask" name="screeshort" time="0.358"/>
  <system-out/>
  <testcase classname="testNG.janasyatask" name="links" time="2.429"/>
  <system-out/>
</testsuite> <!-- testNG.janasyatask -->
