<?xml version="1.0" encoding="UTF-8"?>
<!-- Generated by org.testng.reporters.JUnitReportReporter -->
<testsuite hostname="Rumaisa" failures="0" tests="1" name="testNG.datadriventest" time="24.116" errors="0" timestamp="2024-09-11T12:39:20 IST" skipped="0">
  <testcase classname="testNG.datadriventest" name="datadriven" time="24.116"/>
  <system-out/>
</testsuite> <!-- testNG.datadriventest -->
