<?xml version="1.0" encoding="UTF-8"?>
<!-- Generated by org.testng.reporters.JUnitReportReporter -->
<testsuite hostname="Rumaisa" failures="0" tests="1" name="testNG.actionclasscopypaste" time="1.835" errors="0" timestamp="2024-09-09T11:40:52 IST" skipped="0">
  <testcase classname="testNG.actionclasscopypaste" name="copypaste" time="1.835"/>
  <system-out/>
</testsuite> <!-- testNG.actionclasscopypaste -->
