<?xml version="1.0" encoding="UTF-8"?>
<!-- Generated by org.testng.reporters.JUnitReportReporter -->
<testsuite hostname="Rumaisa" failures="0" tests="7" name="testNG.testngdemo" time="0.020" errors="0" timestamp="2024-09-05T12:55:16 IST" skipped="1">
  <testcase classname="testNG.testngdemo" name="test5" time="0.010"/>
  <system-out/>
  <testcase classname="testNG.testngdemo" name="test2" time="0.002"/>
  <system-out/>
  <testcase classname="testNG.testngdemo" name="test1" time="0.001"/>
  <system-out/>
  <testcase classname="testNG.testngdemo" name="test1" time="0.002"/>
  <system-out/>
  <testcase classname="testNG.testngdemo" name="test1" time="0.003"/>
  <system-out/>
  <testcase classname="testNG.testngdemo" name="test3" time="0.002"/>
  <system-out/>
  <testcase classname="testNG.testngdemo" name="test4">
    <skipped/>
  </testcase> <!-- test4 -->
  <system-out/>
</testsuite> <!-- testNG.testngdemo -->
