<?xml version="1.0" encoding="UTF-8"?>
<!-- Generated by org.testng.reporters.JUnitReportReporter -->
<testsuite hostname="Rumaisa" failures="0" tests="1" name="testpkg.fblogintest" time="0.349" errors="0" timestamp="2024-09-25T12:01:04 IST" skipped="0">
  <testcase classname="testpkg.fblogintest" name="test1" time="0.349"/>
  <system-out/>
</testsuite> <!-- testpkg.fblogintest -->
