<?xml version="1.0" encoding="UTF-8"?>
<!-- Generated by org.testng.reporters.JUnitReportReporter -->
<testsuite hostname="Rumaisa" failures="0" tests="1" name="testNG.dropdowncountrylist" time="3.275" errors="0" timestamp="2024-09-19T10:41:47 IST" skipped="0">
  <testcase classname="testNG.dropdowncountrylist" name="test" time="3.275"/>
  <system-out/>
</testsuite> <!-- testNG.dropdowncountrylist -->
