<?xml version="1.0" encoding="UTF-8"?>
<!-- Generated by org.testng.reporters.JUnitReportReporter -->
<testsuite hostname="Rumaisa" failures="0" tests="1" name="testNG.windowdetails" time="2.891" errors="0" timestamp="2024-09-24T20:06:35 IST" skipped="0">
  <testcase classname="testNG.windowdetails" name="test" time="2.891"/>
  <system-out/>
</testsuite> <!-- testNG.windowdetails -->
