<?xml version="1.0" encoding="UTF-8"?>
<!-- Generated by org.testng.reporters.JUnitReportReporter -->
<testsuite hostname="Rumaisa" failures="0" tests="1" name="testNG.autoit" time="9.984" errors="0" timestamp="2024-09-19T12:17:46 IST" skipped="0">
  <testcase classname="testNG.autoit" name="file" time="9.984"/>
  <system-out/>
</testsuite> <!-- testNG.autoit -->
