<?xml version="1.0" encoding="UTF-8"?>
<!-- Generated by org.testng.reporters.JUnitReportReporter -->
<testsuite hostname="Rumaisa" failures="0" tests="1" name="testNG.fileupload" time="0.201" errors="0" timestamp="2024-09-18T12:10:17 IST" skipped="0">
  <testcase classname="testNG.fileupload" name="test" time="0.201"/>
  <system-out/>
</testsuite> <!-- testNG.fileupload -->
