<?xml version="1.0" encoding="UTF-8"?>
<!-- Generated by org.testng.reporters.JUnitReportReporter -->
<testsuite hostname="Rumaisa" failures="0" tests="1" name="testpkg.fbcreatepagetest" time="2.682" errors="0" timestamp="2024-09-25T12:49:41 IST" skipped="0">
  <testcase classname="testpkg.fbcreatepagetest" name="test" time="2.682"/>
  <system-out/>
</testsuite> <!-- testpkg.fbcreatepagetest -->
