<?xml version="1.0" encoding="UTF-8"?>
<!-- Generated by org.testng.reporters.JUnitReportReporter -->
<testsuite hostname="Rumaisa" failures="0" tests="1" name="testNG.robotclass" time="3.319" errors="0" timestamp="2024-09-19T10:29:58 IST" skipped="0">
  <testcase classname="testNG.robotclass" name="test" time="3.319"/>
  <system-out/>
</testsuite> <!-- testNG.robotclass -->
