<?xml version="1.0" encoding="UTF-8"?>
<!-- Generated by org.testng.reporters.JUnitReportReporter -->
<testsuite hostname="Rumaisa" failures="0" tests="1" name="testNG.fbparameterpgrm" time="0.796" errors="0" timestamp="2024-09-06T12:20:54 IST" skipped="0">
  <testcase classname="testNG.fbparameterpgrm" name="fblogin" time="0.796"/>
  <system-out/>
</testsuite> <!-- testNG.fbparameterpgrm -->
