<?xml version="1.0" encoding="UTF-8"?>
<!-- Generated by org.testng.reporters.JUnitReportReporter -->
<testsuite hostname="Rumaisa" failures="0" tests="1" name="testNG.draganddrop" time="3.176" errors="0" timestamp="2024-09-11T11:09:06 IST" skipped="0">
  <testcase classname="testNG.draganddrop" name="dragdrop" time="3.176"/>
  <system-out/>
</testsuite> <!-- testNG.draganddrop -->
