<?xml version="1.0" encoding="UTF-8"?>
<!-- Generated by org.testng.reporters.JUnitReportReporter -->
<testsuite hostname="Rumaisa" failures="0" tests="1" name="testNG.windowhandling" time="4.534" errors="0" timestamp="2024-09-24T11:35:09 IST" skipped="0">
  <testcase classname="testNG.windowhandling" name="test" time="4.534"/>
  <system-out/>
</testsuite> <!-- testNG.windowhandling -->
