<?xml version="1.0" encoding="UTF-8"?>
<!-- Generated by org.testng.reporters.JUnitReportReporter -->
<testsuite hostname="Rumaisa" failures="0" tests="1" name="testNG.guru99" time="2.929" errors="0" timestamp="2024-09-09T19:08:24 IST" skipped="0">
  <testcase classname="testNG.guru99" name="test" time="2.929"/>
  <system-out/>
</testsuite> <!-- testNG.guru99 -->
