<?xml version="1.0" encoding="UTF-8"?>
<!-- Generated by org.testng.reporters.JUnitReportReporter -->
<testsuite hostname="Rumaisa" failures="0" tests="1" name="testNG.hardassertion" time="0.023" errors="0" timestamp="2024-09-20T12:32:04 IST" skipped="0">
  <testcase classname="testNG.hardassertion" name="test" time="0.023"/>
  <system-out/>
</testsuite> <!-- testNG.hardassertion -->
