<?xml version="1.0" encoding="UTF-8"?>
<!-- Generated by org.testng.reporters.JUnitReportReporter -->
<testsuite hostname="Rumaisa" failures="0" tests="3" name="testNG.crossbrowsertesting" time="6.110" errors="0" timestamp="2024-09-10T11:57:39 IST" skipped="0">
  <testcase classname="testNG.crossbrowsertesting" name="test" time="2.362"/>
  <system-out/>
  <testcase classname="testNG.crossbrowsertesting" name="test" time="1.632"/>
  <system-out/>
  <testcase classname="testNG.crossbrowsertesting" name="test" time="2.116"/>
  <system-out/>
</testsuite> <!-- testNG.crossbrowsertesting -->
