<?xml version="1.0" encoding="UTF-8"?>
<!-- Generated by org.testng.reporters.JUnitReportReporter -->
<testsuite hostname="Rumaisa" failures="0" tests="1" name="testNG.loginvalidation" time="3.687" errors="0" timestamp="2024-09-11T11:24:21 IST" skipped="0">
  <testcase classname="testNG.loginvalidation" name="fblogin" time="3.687"/>
  <system-out/>
</testsuite> <!-- testNG.loginvalidation -->
